2019-08-01 16:38:50.8422|WARN|Microsoft.AspNetCore.HttpsPolicy.HttpsRedirectionMiddleware|Failed to determine the https port for redirect.
2019-08-01 16:47:33.8119|WARN|Microsoft.AspNetCore.HttpsPolicy.HttpsRedirectionMiddleware|Failed to determine the https port for redirect.
2019-08-01 16:47:46.3825|ERROR|Microsoft.EntityFrameworkCore.Database.Command|Failed executing DbCommand (3ms) [Parameters=[@__username_0='?' (Size = 8)], CommandType='Text', CommandTimeout='30']
SELECT "a"."Username", "a"."Hash", "a"."Password", "a"."Salt"
FROM "Users" AS "a"
WHERE "a"."Username" = @__username_0
LIMIT 1
2019-08-01 16:47:46.4388|ERROR|Microsoft.EntityFrameworkCore.Query|An exception occurred while iterating over the results of a query for context type 'MLBDraft.API.Entities.MLBDraftContext'.
Microsoft.Data.Sqlite.SqliteException (0x80004005): SQLite Error 1: 'no such column: a.Hash'.
   at Microsoft.Data.Sqlite.SqliteException.ThrowExceptionForRC(Int32 rc, sqlite3 db)
   at Microsoft.Data.Sqlite.SqliteCommand.PrepareAndEnumerateStatements(Stopwatch timer)+MoveNext()
   at Microsoft.Data.Sqlite.SqliteCommand.ExecuteReader(CommandBehavior behavior)
   at System.Data.Common.DbCommand.ExecuteReader()
   at Microsoft.EntityFrameworkCore.Storage.Internal.RelationalCommand.Execute(IRelationalConnection connection, DbCommandMethod executeMethod, IReadOnlyDictionary`2 parameterValues)
   at Microsoft.EntityFrameworkCore.Storage.Internal.RelationalCommand.ExecuteReader(IRelationalConnection connection, IReadOnlyDictionary`2 parameterValues)
   at Microsoft.EntityFrameworkCore.Query.Internal.QueryingEnumerable`1.Enumerator.BufferlessMoveNext(DbContext _, Boolean buffer)
   at Microsoft.EntityFrameworkCore.Query.Internal.QueryingEnumerable`1.Enumerator.MoveNext()
   at System.Linq.Enumerable.TryGetFirst[TSource](IEnumerable`1 source, Boolean& found)
   at lambda_method(Closure )
   at Microsoft.EntityFrameworkCore.Query.Internal.LinqOperatorProvider.ResultEnumerable`1.GetEnumerator()
   at Microsoft.EntityFrameworkCore.Query.Internal.LinqOperatorProvider._TrackEntities[TOut,TIn](IEnumerable`1 results, QueryContext queryContext, IList`1 entityTrackingInfos, IList`1 entityAccessors)+MoveNext()
   at Microsoft.EntityFrameworkCore.Query.Internal.LinqOperatorProvider.ExceptionInterceptor`1.EnumeratorExceptionInterceptor.MoveNext()
2019-08-01 16:47:46.4388|ERROR|Microsoft.EntityFrameworkCore.Query|An exception occurred while iterating over the results of a query for context type 'MLBDraft.API.Entities.MLBDraftContext'.
Microsoft.Data.Sqlite.SqliteException (0x80004005): SQLite Error 1: 'no such column: a.Hash'.
   at Microsoft.Data.Sqlite.SqliteException.ThrowExceptionForRC(Int32 rc, sqlite3 db)
   at Microsoft.Data.Sqlite.SqliteCommand.PrepareAndEnumerateStatements(Stopwatch timer)+MoveNext()
   at Microsoft.Data.Sqlite.SqliteCommand.ExecuteReader(CommandBehavior behavior)
   at System.Data.Common.DbCommand.ExecuteReader()
   at Microsoft.EntityFrameworkCore.Storage.Internal.RelationalCommand.Execute(IRelationalConnection connection, DbCommandMethod executeMethod, IReadOnlyDictionary`2 parameterValues)
   at Microsoft.EntityFrameworkCore.Storage.Internal.RelationalCommand.ExecuteReader(IRelationalConnection connection, IReadOnlyDictionary`2 parameterValues)
   at Microsoft.EntityFrameworkCore.Query.Internal.QueryingEnumerable`1.Enumerator.BufferlessMoveNext(DbContext _, Boolean buffer)
   at Microsoft.EntityFrameworkCore.Query.Internal.QueryingEnumerable`1.Enumerator.MoveNext()
   at System.Linq.Enumerable.TryGetFirst[TSource](IEnumerable`1 source, Boolean& found)
   at lambda_method(Closure )
   at Microsoft.EntityFrameworkCore.Query.Internal.LinqOperatorProvider.ResultEnumerable`1.GetEnumerator()
   at Microsoft.EntityFrameworkCore.Query.Internal.LinqOperatorProvider._TrackEntities[TOut,TIn](IEnumerable`1 results, QueryContext queryContext, IList`1 entityTrackingInfos, IList`1 entityAccessors)+MoveNext()
   at Microsoft.EntityFrameworkCore.Query.Internal.LinqOperatorProvider.ExceptionInterceptor`1.EnumeratorExceptionInterceptor.MoveNext()
   at System.Linq.Enumerable.TryGetFirst[TSource](IEnumerable`1 source, Boolean& found)
   at System.Linq.Enumerable.First[TSource](IEnumerable`1 source)
   at Microsoft.EntityFrameworkCore.Query.Internal.QueryCompiler.<>c__DisplayClass15_1`1.<CompileQueryCore>b__0(QueryContext qc)
2019-08-01 16:52:36.9600|WARN|Microsoft.AspNetCore.HttpsPolicy.HttpsRedirectionMiddleware|Failed to determine the https port for redirect.
2019-08-01 16:54:22.6474|WARN|Microsoft.AspNetCore.HttpsPolicy.HttpsRedirectionMiddleware|Failed to determine the https port for redirect.
2019-08-01 16:54:50.3424|ERROR|Microsoft.EntityFrameworkCore.Database.Command|Failed executing DbCommand (3ms) [Parameters=[@p0='?' (Size = 8), @p1='?' (Size = 64), @p2='?' (Size = 10), @p3='?' (Size = 24)], CommandType='Text', CommandTimeout='30']
INSERT INTO "Users" ("Username", "Hash", "Password", "Salt")
VALUES (@p0, @p1, @p2, @p3);
2019-08-01 16:54:50.3937|ERROR|Microsoft.EntityFrameworkCore.Update|An exception occurred in the database while saving changes for context type 'MLBDraft.API.Entities.MLBDraftContext'.
Microsoft.EntityFrameworkCore.DbUpdateException: An error occurred while updating the entries. See the inner exception for details. ---> Microsoft.Data.Sqlite.SqliteException: SQLite Error 1: 'table Users has no column named Hash'.
   at Microsoft.Data.Sqlite.SqliteException.ThrowExceptionForRC(Int32 rc, sqlite3 db)
   at Microsoft.Data.Sqlite.SqliteCommand.PrepareAndEnumerateStatements(Stopwatch timer)+MoveNext()
   at Microsoft.Data.Sqlite.SqliteCommand.ExecuteReader(CommandBehavior behavior)
   at System.Data.Common.DbCommand.ExecuteReader()
   at Microsoft.EntityFrameworkCore.Storage.Internal.RelationalCommand.Execute(IRelationalConnection connection, DbCommandMethod executeMethod, IReadOnlyDictionary`2 parameterValues)
   at Microsoft.EntityFrameworkCore.Storage.Internal.RelationalCommand.ExecuteReader(IRelationalConnection connection, IReadOnlyDictionary`2 parameterValues)
   at Microsoft.EntityFrameworkCore.Update.ReaderModificationCommandBatch.Execute(IRelationalConnection connection)
   --- End of inner exception stack trace ---
   at Microsoft.EntityFrameworkCore.Update.ReaderModificationCommandBatch.Execute(IRelationalConnection connection)
   at Microsoft.EntityFrameworkCore.Update.Internal.BatchExecutor.Execute(DbContext _, ValueTuple`2 parameters)
   at Microsoft.EntityFrameworkCore.Storage.Internal.NoopExecutionStrategy.Execute[TState,TResult](TState state, Func`3 operation, Func`3 verifySucceeded)
   at Microsoft.EntityFrameworkCore.Update.Internal.BatchExecutor.Execute(IEnumerable`1 commandBatches, IRelationalConnection connection)
   at Microsoft.EntityFrameworkCore.Storage.RelationalDatabase.SaveChanges(IReadOnlyList`1 entries)
   at Microsoft.EntityFrameworkCore.ChangeTracking.Internal.StateManager.SaveChanges(IReadOnlyList`1 entriesToSave)
   at Microsoft.EntityFrameworkCore.ChangeTracking.Internal.StateManager.SaveChanges(Boolean acceptAllChangesOnSuccess)
   at Microsoft.EntityFrameworkCore.DbContext.SaveChanges(Boolean acceptAllChangesOnSuccess)
2019-08-01 16:57:44.6170|WARN|Microsoft.AspNetCore.HttpsPolicy.HttpsRedirectionMiddleware|Failed to determine the https port for redirect.
2019-08-01 16:58:12.5252|ERROR|Microsoft.EntityFrameworkCore.Database.Command|Failed executing DbCommand (1ms) [Parameters=[@p0='?' (Size = 8), @p1='?' (Size = 64), @p2='?' (Size = 10), @p3='?' (Size = 24)], CommandType='Text', CommandTimeout='30']
INSERT INTO "Users" ("Username", "Hash", "Password", "Salt")
VALUES (@p0, @p1, @p2, @p3);
2019-08-01 16:58:12.5698|ERROR|Microsoft.EntityFrameworkCore.Update|An exception occurred in the database while saving changes for context type 'MLBDraft.API.Entities.MLBDraftContext'.
Microsoft.EntityFrameworkCore.DbUpdateException: An error occurred while updating the entries. See the inner exception for details. ---> Microsoft.Data.Sqlite.SqliteException: SQLite Error 1: 'table Users has no column named Password'.
   at Microsoft.Data.Sqlite.SqliteException.ThrowExceptionForRC(Int32 rc, sqlite3 db)
   at Microsoft.Data.Sqlite.SqliteCommand.PrepareAndEnumerateStatements(Stopwatch timer)+MoveNext()
   at Microsoft.Data.Sqlite.SqliteCommand.ExecuteReader(CommandBehavior behavior)
   at System.Data.Common.DbCommand.ExecuteReader()
   at Microsoft.EntityFrameworkCore.Storage.Internal.RelationalCommand.Execute(IRelationalConnection connection, DbCommandMethod executeMethod, IReadOnlyDictionary`2 parameterValues)
   at Microsoft.EntityFrameworkCore.Storage.Internal.RelationalCommand.ExecuteReader(IRelationalConnection connection, IReadOnlyDictionary`2 parameterValues)
   at Microsoft.EntityFrameworkCore.Update.ReaderModificationCommandBatch.Execute(IRelationalConnection connection)
   --- End of inner exception stack trace ---
   at Microsoft.EntityFrameworkCore.Update.ReaderModificationCommandBatch.Execute(IRelationalConnection connection)
   at Microsoft.EntityFrameworkCore.Update.Internal.BatchExecutor.Execute(DbContext _, ValueTuple`2 parameters)
   at Microsoft.EntityFrameworkCore.Storage.Internal.NoopExecutionStrategy.Execute[TState,TResult](TState state, Func`3 operation, Func`3 verifySucceeded)
   at Microsoft.EntityFrameworkCore.Update.Internal.BatchExecutor.Execute(IEnumerable`1 commandBatches, IRelationalConnection connection)
   at Microsoft.EntityFrameworkCore.Storage.RelationalDatabase.SaveChanges(IReadOnlyList`1 entries)
   at Microsoft.EntityFrameworkCore.ChangeTracking.Internal.StateManager.SaveChanges(IReadOnlyList`1 entriesToSave)
   at Microsoft.EntityFrameworkCore.ChangeTracking.Internal.StateManager.SaveChanges(Boolean acceptAllChangesOnSuccess)
   at Microsoft.EntityFrameworkCore.DbContext.SaveChanges(Boolean acceptAllChangesOnSuccess)
2019-08-01 16:59:01.4484|ERROR|Microsoft.AspNetCore.Diagnostics.ExceptionHandlerMiddleware|An unhandled exception has occurred while executing the request.
2019-08-01 16:59:03.9297|ERROR|Global exception logger|An error occurred while updating the entries. See the inner exception for details.
2019-08-01 16:59:52.8967|ERROR|Microsoft.EntityFrameworkCore.Database.Command|Failed executing DbCommand (8ms) [Parameters=[@p0='?' (Size = 8), @p1='?' (Size = 64), @p2='?' (Size = 10), @p3='?' (Size = 24)], CommandType='Text', CommandTimeout='30']
INSERT INTO "Users" ("Username", "Hash", "Password", "Salt")
VALUES (@p0, @p1, @p2, @p3);
2019-08-01 16:59:52.9053|ERROR|Microsoft.EntityFrameworkCore.Update|An exception occurred in the database while saving changes for context type 'MLBDraft.API.Entities.MLBDraftContext'.
Microsoft.EntityFrameworkCore.DbUpdateException: An error occurred while updating the entries. See the inner exception for details. ---> Microsoft.Data.Sqlite.SqliteException: SQLite Error 1: 'table Users has no column named Password'.
   at Microsoft.Data.Sqlite.SqliteException.ThrowExceptionForRC(Int32 rc, sqlite3 db)
   at Microsoft.Data.Sqlite.SqliteCommand.PrepareAndEnumerateStatements(Stopwatch timer)+MoveNext()
   at Microsoft.Data.Sqlite.SqliteCommand.ExecuteReader(CommandBehavior behavior)
   at System.Data.Common.DbCommand.ExecuteReader()
   at Microsoft.EntityFrameworkCore.Storage.Internal.RelationalCommand.Execute(IRelationalConnection connection, DbCommandMethod executeMethod, IReadOnlyDictionary`2 parameterValues)
   at Microsoft.EntityFrameworkCore.Storage.Internal.RelationalCommand.ExecuteReader(IRelationalConnection connection, IReadOnlyDictionary`2 parameterValues)
   at Microsoft.EntityFrameworkCore.Update.ReaderModificationCommandBatch.Execute(IRelationalConnection connection)
   --- End of inner exception stack trace ---
   at Microsoft.EntityFrameworkCore.Update.ReaderModificationCommandBatch.Execute(IRelationalConnection connection)
   at Microsoft.EntityFrameworkCore.Update.Internal.BatchExecutor.Execute(DbContext _, ValueTuple`2 parameters)
   at Microsoft.EntityFrameworkCore.Storage.Internal.NoopExecutionStrategy.Execute[TState,TResult](TState state, Func`3 operation, Func`3 verifySucceeded)
   at Microsoft.EntityFrameworkCore.Update.Internal.BatchExecutor.Execute(IEnumerable`1 commandBatches, IRelationalConnection connection)
   at Microsoft.EntityFrameworkCore.Storage.RelationalDatabase.SaveChanges(IReadOnlyList`1 entries)
   at Microsoft.EntityFrameworkCore.ChangeTracking.Internal.StateManager.SaveChanges(IReadOnlyList`1 entriesToSave)
   at Microsoft.EntityFrameworkCore.ChangeTracking.Internal.StateManager.SaveChanges(Boolean acceptAllChangesOnSuccess)
   at Microsoft.EntityFrameworkCore.DbContext.SaveChanges(Boolean acceptAllChangesOnSuccess)
2019-08-01 17:03:07.1641|WARN|Microsoft.AspNetCore.HttpsPolicy.HttpsRedirectionMiddleware|Failed to determine the https port for redirect.
