2019-08-16 09:36:33.4485|WARN|Microsoft.AspNetCore.HttpsPolicy.HttpsRedirectionMiddleware|Failed to determine the https port for redirect.
2019-08-16 09:41:00.3579|WARN|Microsoft.EntityFrameworkCore.Query|The Include operation for navigation '[p].MlbTeam' is unnecessary and was ignored because the navigation is not reachable in the final query results. See https://go.microsoft.com/fwlink/?linkid=850303 for more information.
2019-08-16 09:41:00.3907|WARN|Microsoft.EntityFrameworkCore.Query|The Include operation for navigation '[p].Position' is unnecessary and was ignored because the navigation is not reachable in the final query results. See https://go.microsoft.com/fwlink/?linkid=850303 for more information.
2019-08-16 09:41:00.3988|WARN|Microsoft.EntityFrameworkCore.Query|The Include operation for navigation '[p].StatCategories.StatCategory' is unnecessary and was ignored because the navigation is not reachable in the final query results. See https://go.microsoft.com/fwlink/?linkid=850303 for more information.
2019-08-16 09:44:04.4215|WARN|Microsoft.EntityFrameworkCore.Query|The LINQ expression 'where ([t].Abbreviation.ToLowerInvariant() == __ToLowerInvariant_0)' could not be translated and will be evaluated locally.
2019-08-16 09:44:04.4485|WARN|Microsoft.EntityFrameworkCore.Query|The LINQ expression 'FirstOrDefault()' could not be translated and will be evaluated locally.
2019-08-16 09:44:10.3315|WARN|Microsoft.EntityFrameworkCore.Query|The LINQ expression 'where ([t].Abbreviation.ToLowerInvariant() == __ToLowerInvariant_0)' could not be translated and will be evaluated locally.
2019-08-16 09:44:10.3315|WARN|Microsoft.EntityFrameworkCore.Query|The LINQ expression 'FirstOrDefault()' could not be translated and will be evaluated locally.
2019-08-16 09:46:57.6718|WARN|Microsoft.EntityFrameworkCore.Query|The LINQ expression 'where ([l].Name.ToLowerInvariant() == __ToLowerInvariant_0)' could not be translated and will be evaluated locally.
2019-08-16 09:46:57.6800|WARN|Microsoft.EntityFrameworkCore.Query|The LINQ expression 'Any()' could not be translated and will be evaluated locally.
2019-08-16 09:48:16.0258|WARN|Microsoft.EntityFrameworkCore.Query|The LINQ expression 'where ([t].Name.ToLowerInvariant() == __ToLowerInvariant_0)' could not be translated and will be evaluated locally.
2019-08-16 09:48:16.0258|WARN|Microsoft.EntityFrameworkCore.Query|The LINQ expression 'Any()' could not be translated and will be evaluated locally.
2019-08-16 10:00:30.6155|WARN|Microsoft.AspNetCore.HttpsPolicy.HttpsRedirectionMiddleware|Failed to determine the https port for redirect.
2019-08-16 10:01:45.0795|WARN|Microsoft.EntityFrameworkCore.Query|The Include operation for navigation '[p].MlbTeam' is unnecessary and was ignored because the navigation is not reachable in the final query results. See https://go.microsoft.com/fwlink/?linkid=850303 for more information.
2019-08-16 10:01:45.0795|WARN|Microsoft.EntityFrameworkCore.Query|The Include operation for navigation '[p].Position' is unnecessary and was ignored because the navigation is not reachable in the final query results. See https://go.microsoft.com/fwlink/?linkid=850303 for more information.
2019-08-16 10:01:45.1125|WARN|Microsoft.EntityFrameworkCore.Query|The Include operation for navigation '[p].StatCategories.StatCategory' is unnecessary and was ignored because the navigation is not reachable in the final query results. See https://go.microsoft.com/fwlink/?linkid=850303 for more information.
2019-08-16 10:04:32.0147|WARN|Microsoft.AspNetCore.HttpsPolicy.HttpsRedirectionMiddleware|Failed to determine the https port for redirect.
2019-08-16 10:10:06.1655|WARN|Microsoft.AspNetCore.HttpsPolicy.HttpsRedirectionMiddleware|Failed to determine the https port for redirect.
2019-08-16 10:25:53.2519|WARN|Microsoft.AspNetCore.HttpsPolicy.HttpsRedirectionMiddleware|Failed to determine the https port for redirect.
2019-08-16 10:27:13.1858|WARN|Microsoft.AspNetCore.HttpsPolicy.HttpsRedirectionMiddleware|Failed to determine the https port for redirect.
2019-08-16 10:28:59.2054|WARN|MLBDraft.API.Controllers.PlayersController|No player found for 03116561-45b4-4c94-9c55-1db8fa81affb.
2019-08-16 10:32:31.0325|WARN|Microsoft.EntityFrameworkCore.Query|The Include operation for navigation '[p].MlbTeam' is unnecessary and was ignored because the navigation is not reachable in the final query results. See https://go.microsoft.com/fwlink/?linkid=850303 for more information.
2019-08-16 10:32:31.0785|WARN|Microsoft.EntityFrameworkCore.Query|The Include operation for navigation '[p].Position' is unnecessary and was ignored because the navigation is not reachable in the final query results. See https://go.microsoft.com/fwlink/?linkid=850303 for more information.
2019-08-16 10:32:31.0785|WARN|Microsoft.EntityFrameworkCore.Query|The Include operation for navigation '[p].StatCategories.StatCategory' is unnecessary and was ignored because the navigation is not reachable in the final query results. See https://go.microsoft.com/fwlink/?linkid=850303 for more information.
2019-08-16 10:33:32.3899|WARN|Microsoft.AspNetCore.HttpsPolicy.HttpsRedirectionMiddleware|Failed to determine the https port for redirect.
2019-08-16 10:33:40.5543|WARN|Microsoft.EntityFrameworkCore.Query|The Include operation for navigation '[p].MlbTeam' is unnecessary and was ignored because the navigation is not reachable in the final query results. See https://go.microsoft.com/fwlink/?linkid=850303 for more information.
2019-08-16 10:33:40.6570|WARN|Microsoft.EntityFrameworkCore.Query|The Include operation for navigation '[p].Position' is unnecessary and was ignored because the navigation is not reachable in the final query results. See https://go.microsoft.com/fwlink/?linkid=850303 for more information.
2019-08-16 10:33:40.6720|WARN|Microsoft.EntityFrameworkCore.Query|The Include operation for navigation '[p].StatCategories.StatCategory' is unnecessary and was ignored because the navigation is not reachable in the final query results. See https://go.microsoft.com/fwlink/?linkid=850303 for more information.
