2019-08-15 20:54:34.3750|WARN|Microsoft.AspNetCore.HttpsPolicy.HttpsRedirectionMiddleware|Failed to determine the https port for redirect.
2019-08-15 21:02:07.6543|FATAL|Microsoft.AspNetCore.Hosting.Internal.WebHost|Application startup exception
2019-08-15 21:14:27.3409|WARN|Microsoft.AspNetCore.Identity.UserManager|User d2b76b1f-f4aa-46e7-aea9-87edf50b5fad password validation failed: PasswordRequiresNonAlphanumeric;PasswordRequiresDigit;PasswordRequiresUpper.
2019-08-15 21:16:32.6607|WARN|Microsoft.AspNetCore.Identity.UserManager|User 20d1c062-6208-4c4e-bd71-db95d0c2a6c5 password validation failed: PasswordRequiresNonAlphanumeric;PasswordRequiresDigit;PasswordRequiresUpper.
2019-08-15 21:16:41.4899|ERROR|Microsoft.EntityFrameworkCore.Database.Command|Failed executing DbCommand (84ms) [Parameters=[@p0='?' (Size = 12), @p1='?' (Size = 4), @p2='?' (Size = 36)], CommandType='Text', CommandTimeout='30']
INSERT INTO "AspNetUserClaims" ("ClaimType", "ClaimValue", "UserId")
VALUES (@p0, @p1, @p2);
SELECT "Id"
FROM "AspNetUserClaims"
WHERE changes() = 1 AND "Id" = last_insert_rowid();
2019-08-15 21:16:41.7642|ERROR|Microsoft.EntityFrameworkCore.Update|An exception occurred in the database while saving changes for context type 'MLBDraft.API.Entities.MLBDraftContext'.
Microsoft.EntityFrameworkCore.DbUpdateException: An error occurred while updating the entries. See the inner exception for details. ---> Microsoft.Data.Sqlite.SqliteException: SQLite Error 19: 'FOREIGN KEY constraint failed'.
   at Microsoft.Data.Sqlite.SqliteException.ThrowExceptionForRC(Int32 rc, sqlite3 db)
   at Microsoft.Data.Sqlite.SqliteCommand.ExecuteReader(CommandBehavior behavior)
   at System.Data.Common.DbCommand.ExecuteReader()
   at Microsoft.EntityFrameworkCore.Storage.Internal.RelationalCommand.Execute(IRelationalConnection connection, DbCommandMethod executeMethod, IReadOnlyDictionary`2 parameterValues)
   at Microsoft.EntityFrameworkCore.Storage.Internal.RelationalCommand.ExecuteReader(IRelationalConnection connection, IReadOnlyDictionary`2 parameterValues)
   at Microsoft.EntityFrameworkCore.Update.ReaderModificationCommandBatch.Execute(IRelationalConnection connection)
   --- End of inner exception stack trace ---
   at Microsoft.EntityFrameworkCore.Update.ReaderModificationCommandBatch.Execute(IRelationalConnection connection)
   at Microsoft.EntityFrameworkCore.Update.Internal.BatchExecutor.Execute(DbContext _, ValueTuple`2 parameters)
   at Microsoft.EntityFrameworkCore.Storage.Internal.NoopExecutionStrategy.Execute[TState,TResult](TState state, Func`3 operation, Func`3 verifySucceeded)
   at Microsoft.EntityFrameworkCore.Update.Internal.BatchExecutor.Execute(IEnumerable`1 commandBatches, IRelationalConnection connection)
   at Microsoft.EntityFrameworkCore.Storage.RelationalDatabase.SaveChanges(IReadOnlyList`1 entries)
   at Microsoft.EntityFrameworkCore.ChangeTracking.Internal.StateManager.SaveChanges(IReadOnlyList`1 entriesToSave)
   at Microsoft.EntityFrameworkCore.ChangeTracking.Internal.StateManager.SaveChanges(Boolean acceptAllChangesOnSuccess)
   at Microsoft.EntityFrameworkCore.DbContext.SaveChanges(Boolean acceptAllChangesOnSuccess)
2019-08-15 21:18:35.3613|WARN|Microsoft.AspNetCore.Identity.UserManager|User d7971bf0-9115-448e-b3ee-60bae2512b16 password validation failed: PasswordRequiresNonAlphanumeric;PasswordRequiresDigit;PasswordRequiresUpper.
2019-08-15 21:18:41.3149|ERROR|Microsoft.EntityFrameworkCore.Database.Command|Failed executing DbCommand (56ms) [Parameters=[@p0='?' (Size = 12), @p1='?' (Size = 4), @p2='?' (Size = 36)], CommandType='Text', CommandTimeout='30']
INSERT INTO "AspNetUserClaims" ("ClaimType", "ClaimValue", "UserId")
VALUES (@p0, @p1, @p2);
SELECT "Id"
FROM "AspNetUserClaims"
WHERE changes() = 1 AND "Id" = last_insert_rowid();
2019-08-15 21:18:41.7437|ERROR|Microsoft.EntityFrameworkCore.Update|An exception occurred in the database while saving changes for context type 'MLBDraft.API.Entities.MLBDraftContext'.
Microsoft.EntityFrameworkCore.DbUpdateException: An error occurred while updating the entries. See the inner exception for details. ---> Microsoft.Data.Sqlite.SqliteException: SQLite Error 19: 'FOREIGN KEY constraint failed'.
   at Microsoft.Data.Sqlite.SqliteException.ThrowExceptionForRC(Int32 rc, sqlite3 db)
   at Microsoft.Data.Sqlite.SqliteCommand.ExecuteReader(CommandBehavior behavior)
   at System.Data.Common.DbCommand.ExecuteReader()
   at Microsoft.EntityFrameworkCore.Storage.Internal.RelationalCommand.Execute(IRelationalConnection connection, DbCommandMethod executeMethod, IReadOnlyDictionary`2 parameterValues)
   at Microsoft.EntityFrameworkCore.Storage.Internal.RelationalCommand.ExecuteReader(IRelationalConnection connection, IReadOnlyDictionary`2 parameterValues)
   at Microsoft.EntityFrameworkCore.Update.ReaderModificationCommandBatch.Execute(IRelationalConnection connection)
   --- End of inner exception stack trace ---
   at Microsoft.EntityFrameworkCore.Update.ReaderModificationCommandBatch.Execute(IRelationalConnection connection)
   at Microsoft.EntityFrameworkCore.Update.Internal.BatchExecutor.Execute(DbContext _, ValueTuple`2 parameters)
   at Microsoft.EntityFrameworkCore.Storage.Internal.NoopExecutionStrategy.Execute[TState,TResult](TState state, Func`3 operation, Func`3 verifySucceeded)
   at Microsoft.EntityFrameworkCore.Update.Internal.BatchExecutor.Execute(IEnumerable`1 commandBatches, IRelationalConnection connection)
   at Microsoft.EntityFrameworkCore.Storage.RelationalDatabase.SaveChanges(IReadOnlyList`1 entries)
   at Microsoft.EntityFrameworkCore.ChangeTracking.Internal.StateManager.SaveChanges(IReadOnlyList`1 entriesToSave)
   at Microsoft.EntityFrameworkCore.ChangeTracking.Internal.StateManager.SaveChanges(Boolean acceptAllChangesOnSuccess)
   at Microsoft.EntityFrameworkCore.DbContext.SaveChanges(Boolean acceptAllChangesOnSuccess)
2019-08-15 21:22:10.5831|WARN|Microsoft.AspNetCore.Identity.UserManager|User 80f32038-5f1a-4f6f-94a0-2236f8595dbe password validation failed: PasswordRequiresNonAlphanumeric;PasswordRequiresDigit;PasswordRequiresUpper.
2019-08-15 21:22:20.0289|ERROR|Microsoft.EntityFrameworkCore.Database.Command|Failed executing DbCommand (8ms) [Parameters=[@p0='?' (Size = 12), @p1='?' (Size = 4), @p2='?' (Size = 36)], CommandType='Text', CommandTimeout='30']
INSERT INTO "AspNetUserClaims" ("ClaimType", "ClaimValue", "UserId")
VALUES (@p0, @p1, @p2);
SELECT "Id"
FROM "AspNetUserClaims"
WHERE changes() = 1 AND "Id" = last_insert_rowid();
2019-08-15 21:22:20.3023|ERROR|Microsoft.EntityFrameworkCore.Update|An exception occurred in the database while saving changes for context type 'MLBDraft.API.Entities.MLBDraftContext'.
Microsoft.EntityFrameworkCore.DbUpdateException: An error occurred while updating the entries. See the inner exception for details. ---> Microsoft.Data.Sqlite.SqliteException: SQLite Error 19: 'FOREIGN KEY constraint failed'.
   at Microsoft.Data.Sqlite.SqliteException.ThrowExceptionForRC(Int32 rc, sqlite3 db)
   at Microsoft.Data.Sqlite.SqliteCommand.ExecuteReader(CommandBehavior behavior)
   at System.Data.Common.DbCommand.ExecuteReader()
   at Microsoft.EntityFrameworkCore.Storage.Internal.RelationalCommand.Execute(IRelationalConnection connection, DbCommandMethod executeMethod, IReadOnlyDictionary`2 parameterValues)
   at Microsoft.EntityFrameworkCore.Storage.Internal.RelationalCommand.ExecuteReader(IRelationalConnection connection, IReadOnlyDictionary`2 parameterValues)
   at Microsoft.EntityFrameworkCore.Update.ReaderModificationCommandBatch.Execute(IRelationalConnection connection)
   --- End of inner exception stack trace ---
   at Microsoft.EntityFrameworkCore.Update.ReaderModificationCommandBatch.Execute(IRelationalConnection connection)
   at Microsoft.EntityFrameworkCore.Update.Internal.BatchExecutor.Execute(DbContext _, ValueTuple`2 parameters)
   at Microsoft.EntityFrameworkCore.Storage.Internal.NoopExecutionStrategy.Execute[TState,TResult](TState state, Func`3 operation, Func`3 verifySucceeded)
   at Microsoft.EntityFrameworkCore.Update.Internal.BatchExecutor.Execute(IEnumerable`1 commandBatches, IRelationalConnection connection)
   at Microsoft.EntityFrameworkCore.Storage.RelationalDatabase.SaveChanges(IReadOnlyList`1 entries)
   at Microsoft.EntityFrameworkCore.ChangeTracking.Internal.StateManager.SaveChanges(IReadOnlyList`1 entriesToSave)
   at Microsoft.EntityFrameworkCore.ChangeTracking.Internal.StateManager.SaveChanges(Boolean acceptAllChangesOnSuccess)
   at Microsoft.EntityFrameworkCore.DbContext.SaveChanges(Boolean acceptAllChangesOnSuccess)
2019-08-15 21:23:25.5796|WARN|Microsoft.AspNetCore.Identity.UserManager|User 04cbb7a1-2866-412b-9642-abbe0cd2fee0 password validation failed: PasswordRequiresNonAlphanumeric;PasswordRequiresDigit;PasswordRequiresUpper.
2019-08-15 21:23:44.8300|ERROR|Microsoft.EntityFrameworkCore.Database.Command|Failed executing DbCommand (57ms) [Parameters=[@p0='?' (Size = 12), @p1='?' (Size = 4), @p2='?' (Size = 36)], CommandType='Text', CommandTimeout='30']
INSERT INTO "AspNetUserClaims" ("ClaimType", "ClaimValue", "UserId")
VALUES (@p0, @p1, @p2);
SELECT "Id"
FROM "AspNetUserClaims"
WHERE changes() = 1 AND "Id" = last_insert_rowid();
2019-08-15 21:23:45.4639|ERROR|Microsoft.EntityFrameworkCore.Update|An exception occurred in the database while saving changes for context type 'MLBDraft.API.Entities.MLBDraftContext'.
Microsoft.EntityFrameworkCore.DbUpdateException: An error occurred while updating the entries. See the inner exception for details. ---> Microsoft.Data.Sqlite.SqliteException: SQLite Error 19: 'FOREIGN KEY constraint failed'.
   at Microsoft.Data.Sqlite.SqliteException.ThrowExceptionForRC(Int32 rc, sqlite3 db)
   at Microsoft.Data.Sqlite.SqliteCommand.ExecuteReader(CommandBehavior behavior)
   at System.Data.Common.DbCommand.ExecuteReader()
   at Microsoft.EntityFrameworkCore.Storage.Internal.RelationalCommand.Execute(IRelationalConnection connection, DbCommandMethod executeMethod, IReadOnlyDictionary`2 parameterValues)
   at Microsoft.EntityFrameworkCore.Storage.Internal.RelationalCommand.ExecuteReader(IRelationalConnection connection, IReadOnlyDictionary`2 parameterValues)
   at Microsoft.EntityFrameworkCore.Update.ReaderModificationCommandBatch.Execute(IRelationalConnection connection)
   --- End of inner exception stack trace ---
   at Microsoft.EntityFrameworkCore.Update.ReaderModificationCommandBatch.Execute(IRelationalConnection connection)
   at Microsoft.EntityFrameworkCore.Update.Internal.BatchExecutor.Execute(DbContext _, ValueTuple`2 parameters)
   at Microsoft.EntityFrameworkCore.Storage.Internal.NoopExecutionStrategy.Execute[TState,TResult](TState state, Func`3 operation, Func`3 verifySucceeded)
   at Microsoft.EntityFrameworkCore.Update.Internal.BatchExecutor.Execute(IEnumerable`1 commandBatches, IRelationalConnection connection)
   at Microsoft.EntityFrameworkCore.Storage.RelationalDatabase.SaveChanges(IReadOnlyList`1 entries)
   at Microsoft.EntityFrameworkCore.ChangeTracking.Internal.StateManager.SaveChanges(IReadOnlyList`1 entriesToSave)
   at Microsoft.EntityFrameworkCore.ChangeTracking.Internal.StateManager.SaveChanges(Boolean acceptAllChangesOnSuccess)
   at Microsoft.EntityFrameworkCore.DbContext.SaveChanges(Boolean acceptAllChangesOnSuccess)
2019-08-15 21:30:03.4039|WARN|Microsoft.AspNetCore.Identity.UserManager|User 5b9ee85a-dbab-403d-ae48-665fa5d8fe72 password validation failed: PasswordRequiresNonAlphanumeric;PasswordRequiresDigit;PasswordRequiresUpper.
2019-08-15 21:32:00.2679|WARN|Microsoft.AspNetCore.Identity.UserManager|User f58d2637-738e-4a60-8e0e-0cae3bbbbd12 password validation failed: PasswordRequiresNonAlphanumeric;PasswordRequiresDigit;PasswordRequiresUpper.
2019-08-15 21:36:49.1998|WARN|Microsoft.AspNetCore.Identity.UserManager|User 4debdc75-ecff-4fb3-87c0-9bcd8a17bd66 password validation failed: PasswordRequiresNonAlphanumeric;PasswordRequiresDigit;PasswordRequiresUpper.
2019-08-15 21:37:44.2688|FATAL|Microsoft.AspNetCore.Hosting.Internal.WebHost|Application startup exception
2019-08-15 21:39:00.4201|WARN|Microsoft.AspNetCore.Identity.UserManager|User 88d86637-8ebb-489d-9f8d-ca42380b71b6 password validation failed: PasswordRequiresNonAlphanumeric;PasswordRequiresDigit;PasswordRequiresUpper.
2019-08-15 21:41:41.9766|WARN|Microsoft.AspNetCore.Identity.UserManager|User 4a4d6ac5-e5f1-4bcd-b9f0-5eed52912b42 password validation failed: PasswordRequiresNonAlphanumeric;PasswordRequiresDigit;PasswordRequiresUpper.
2019-08-15 21:45:55.2284|WARN|Microsoft.AspNetCore.HttpsPolicy.HttpsRedirectionMiddleware|Failed to determine the https port for redirect.
2019-08-15 21:49:16.3545|WARN|Microsoft.AspNetCore.HttpsPolicy.HttpsRedirectionMiddleware|Failed to determine the https port for redirect.
2019-08-15 22:16:00.6096|WARN|Microsoft.AspNetCore.HttpsPolicy.HttpsRedirectionMiddleware|Failed to determine the https port for redirect.
