2019-08-12 09:28:54.4675|ERROR|Microsoft.EntityFrameworkCore.Database.Command|Failed executing DbCommand (17ms) [Parameters=[@p0='?', @p1='?', @p2='?', @p3='?' (Size = 9)], CommandType='Text', CommandTimeout='30']
INSERT INTO "Leagues" ("Id", "MaxTeams", "MinTeams", "Name")
VALUES (@p0, @p1, @p2, @p3);
2019-08-12 09:28:54.8312|ERROR|Microsoft.EntityFrameworkCore.Update|An exception occurred in the database while saving changes for context type 'MLBDraft.API.Entities.MLBDraftContext'.
Microsoft.EntityFrameworkCore.DbUpdateException: An error occurred while updating the entries. See the inner exception for details. ---> Microsoft.Data.Sqlite.SqliteException: SQLite Error 19: 'UNIQUE constraint failed: Leagues.Id'.
   at Microsoft.Data.Sqlite.SqliteException.ThrowExceptionForRC(Int32 rc, sqlite3 db)
   at Microsoft.Data.Sqlite.SqliteCommand.ExecuteReader(CommandBehavior behavior)
   at System.Data.Common.DbCommand.ExecuteReader()
   at Microsoft.EntityFrameworkCore.Storage.Internal.RelationalCommand.Execute(IRelationalConnection connection, DbCommandMethod executeMethod, IReadOnlyDictionary`2 parameterValues)
   at Microsoft.EntityFrameworkCore.Storage.Internal.RelationalCommand.ExecuteReader(IRelationalConnection connection, IReadOnlyDictionary`2 parameterValues)
   at Microsoft.EntityFrameworkCore.Update.ReaderModificationCommandBatch.Execute(IRelationalConnection connection)
   --- End of inner exception stack trace ---
   at Microsoft.EntityFrameworkCore.Update.ReaderModificationCommandBatch.Execute(IRelationalConnection connection)
   at Microsoft.EntityFrameworkCore.Update.Internal.BatchExecutor.Execute(DbContext _, ValueTuple`2 parameters)
   at Microsoft.EntityFrameworkCore.Storage.Internal.NoopExecutionStrategy.Execute[TState,TResult](TState state, Func`3 operation, Func`3 verifySucceeded)
   at Microsoft.EntityFrameworkCore.Update.Internal.BatchExecutor.Execute(IEnumerable`1 commandBatches, IRelationalConnection connection)
   at Microsoft.EntityFrameworkCore.Storage.RelationalDatabase.SaveChanges(IReadOnlyList`1 entries)
   at Microsoft.EntityFrameworkCore.ChangeTracking.Internal.StateManager.SaveChanges(IReadOnlyList`1 entriesToSave)
   at Microsoft.EntityFrameworkCore.ChangeTracking.Internal.StateManager.SaveChanges(Boolean acceptAllChangesOnSuccess)
   at Microsoft.EntityFrameworkCore.DbContext.SaveChanges(Boolean acceptAllChangesOnSuccess)
2019-08-12 09:41:46.0093|WARN|Microsoft.AspNetCore.HttpsPolicy.HttpsRedirectionMiddleware|Failed to determine the https port for redirect.
2019-08-12 09:43:04.3619|WARN|Microsoft.AspNetCore.HttpsPolicy.HttpsRedirectionMiddleware|Failed to determine the https port for redirect.
2019-08-12 09:45:02.1378|WARN|Microsoft.EntityFrameworkCore.Query|The Include operation for navigation '[p].MlbTeam' is unnecessary and was ignored because the navigation is not reachable in the final query results. See https://go.microsoft.com/fwlink/?linkid=850303 for more information.
2019-08-12 09:45:02.1378|WARN|Microsoft.EntityFrameworkCore.Query|The Include operation for navigation '[p].Position' is unnecessary and was ignored because the navigation is not reachable in the final query results. See https://go.microsoft.com/fwlink/?linkid=850303 for more information.
2019-08-12 09:45:02.1682|WARN|Microsoft.EntityFrameworkCore.Query|The Include operation for navigation '[p].StatCategories.StatCategory' is unnecessary and was ignored because the navigation is not reachable in the final query results. See https://go.microsoft.com/fwlink/?linkid=850303 for more information.
2019-08-12 09:58:09.3964|WARN|Microsoft.AspNetCore.HttpsPolicy.HttpsRedirectionMiddleware|Failed to determine the https port for redirect.
2019-08-12 10:03:56.4271|WARN|Microsoft.AspNetCore.HttpsPolicy.HttpsRedirectionMiddleware|Failed to determine the https port for redirect.
2019-08-12 10:24:51.9775|WARN|Microsoft.AspNetCore.HttpsPolicy.HttpsRedirectionMiddleware|Failed to determine the https port for redirect.
2019-08-12 10:35:41.5994|WARN|Microsoft.AspNetCore.HttpsPolicy.HttpsRedirectionMiddleware|Failed to determine the https port for redirect.
2019-08-12 10:37:55.3088|WARN|Microsoft.AspNetCore.HttpsPolicy.HttpsRedirectionMiddleware|Failed to determine the https port for redirect.
2019-08-12 10:39:01.8519|WARN|Microsoft.EntityFrameworkCore.Query|The LINQ expression 'where ([t].Abbreviation.ToLowerInvariant() == __ToLowerInvariant_0)' could not be translated and will be evaluated locally.
2019-08-12 10:39:01.8727|WARN|Microsoft.EntityFrameworkCore.Query|The LINQ expression 'FirstOrDefault()' could not be translated and will be evaluated locally.
2019-08-12 10:39:03.1617|WARN|Microsoft.EntityFrameworkCore.Query|The LINQ expression 'where ([t].Abbreviation.ToLowerInvariant() == __ToLowerInvariant_0)' could not be translated and will be evaluated locally.
2019-08-12 10:39:03.1940|WARN|Microsoft.EntityFrameworkCore.Query|The LINQ expression 'FirstOrDefault()' could not be translated and will be evaluated locally.
2019-08-12 10:50:49.9770|ERROR|Microsoft.AspNetCore.Diagnostics.ExceptionHandlerMiddleware|An unhandled exception has occurred while executing the request.
2019-08-12 10:50:50.0119|ERROR|Global exception logger|No route matches the supplied values.
2019-08-12 10:50:50.0411|ERROR|Microsoft.AspNetCore.Diagnostics.ExceptionHandlerMiddleware|An exception was thrown attempting to execute the error handler.
2019-08-12 10:50:50.0411|ERROR|Microsoft.AspNetCore.Diagnostics.DeveloperExceptionPageMiddleware|An unhandled exception has occurred while executing the request.
2019-08-12 10:50:50.0501|ERROR|Microsoft.AspNetCore.Diagnostics.DeveloperExceptionPageMiddleware|An exception was thrown attempting to display the error page.
2019-08-12 10:50:50.0501|ERROR|Microsoft.AspNetCore.Server.Kestrel|Connection id "0HLOV6AKMJKKL", Request id "0HLOV6AKMJKKL:00000007": An unhandled exception was thrown by the application.
2019-08-12 10:52:07.0857|ERROR|Microsoft.AspNetCore.Diagnostics.ExceptionHandlerMiddleware|An unhandled exception has occurred while executing the request.
2019-08-12 10:52:07.0857|ERROR|Global exception logger|No route matches the supplied values.
2019-08-12 10:52:07.1130|ERROR|Microsoft.AspNetCore.Diagnostics.ExceptionHandlerMiddleware|An exception was thrown attempting to execute the error handler.
2019-08-12 10:52:07.1182|ERROR|Microsoft.AspNetCore.Diagnostics.DeveloperExceptionPageMiddleware|An unhandled exception has occurred while executing the request.
2019-08-12 10:52:07.1182|ERROR|Microsoft.AspNetCore.Diagnostics.DeveloperExceptionPageMiddleware|An exception was thrown attempting to display the error page.
2019-08-12 10:52:07.1182|ERROR|Microsoft.AspNetCore.Server.Kestrel|Connection id "0HLOV6AKMJKKL", Request id "0HLOV6AKMJKKL:00000008": An unhandled exception was thrown by the application.
2019-08-12 11:48:54.4929|WARN|Microsoft.AspNetCore.HttpsPolicy.HttpsRedirectionMiddleware|Failed to determine the https port for redirect.
2019-08-12 11:48:55.9036|WARN|Microsoft.EntityFrameworkCore.Query|The LINQ expression 'where ([t].Name.ToLowerInvariant() == __ToLowerInvariant_0)' could not be translated and will be evaluated locally.
2019-08-12 11:48:55.9460|WARN|Microsoft.EntityFrameworkCore.Query|The LINQ expression 'Any()' could not be translated and will be evaluated locally.
2019-08-12 11:49:14.6612|ERROR|Microsoft.AspNetCore.Diagnostics.ExceptionHandlerMiddleware|An unhandled exception has occurred while executing the request.
2019-08-12 11:49:14.6926|ERROR|Global exception logger|No route matches the supplied values.
2019-08-12 11:49:14.7274|ERROR|Microsoft.AspNetCore.Diagnostics.ExceptionHandlerMiddleware|An exception was thrown attempting to execute the error handler.
2019-08-12 11:49:14.7274|ERROR|Microsoft.AspNetCore.Diagnostics.DeveloperExceptionPageMiddleware|An unhandled exception has occurred while executing the request.
2019-08-12 11:49:14.7274|ERROR|Microsoft.AspNetCore.Diagnostics.DeveloperExceptionPageMiddleware|An exception was thrown attempting to display the error page.
2019-08-12 11:49:14.7274|ERROR|Microsoft.AspNetCore.Server.Kestrel|Connection id "0HLOV7IA359K8", Request id "0HLOV7IA359K8:00000001": An unhandled exception was thrown by the application.
2019-08-12 11:50:52.9016|ERROR|Microsoft.AspNetCore.Diagnostics.ExceptionHandlerMiddleware|An unhandled exception has occurred while executing the request.
2019-08-12 11:50:52.9016|ERROR|Global exception logger|No route matches the supplied values.
2019-08-12 11:50:52.9451|ERROR|Microsoft.AspNetCore.Diagnostics.ExceptionHandlerMiddleware|An exception was thrown attempting to execute the error handler.
2019-08-12 11:50:52.9451|ERROR|Microsoft.AspNetCore.Diagnostics.DeveloperExceptionPageMiddleware|An unhandled exception has occurred while executing the request.
2019-08-12 11:50:52.9451|ERROR|Microsoft.AspNetCore.Diagnostics.DeveloperExceptionPageMiddleware|An exception was thrown attempting to display the error page.
2019-08-12 11:50:52.9535|ERROR|Microsoft.AspNetCore.Server.Kestrel|Connection id "0HLOV7IA359K8", Request id "0HLOV7IA359K8:00000003": An unhandled exception was thrown by the application.
2019-08-12 11:56:33.1923|WARN|Microsoft.AspNetCore.HttpsPolicy.HttpsRedirectionMiddleware|Failed to determine the https port for redirect.
2019-08-12 11:56:37.9818|WARN|Microsoft.EntityFrameworkCore.Query|The LINQ expression 'where ([t].Name.ToLowerInvariant() == __ToLowerInvariant_0)' could not be translated and will be evaluated locally.
2019-08-12 11:56:38.0016|WARN|Microsoft.EntityFrameworkCore.Query|The LINQ expression 'Any()' could not be translated and will be evaluated locally.
2019-08-12 12:05:29.0769|WARN|Microsoft.AspNetCore.HttpsPolicy.HttpsRedirectionMiddleware|Failed to determine the https port for redirect.
2019-08-12 12:05:37.4580|WARN|Microsoft.EntityFrameworkCore.Query|The LINQ expression 'where ([t].Name.ToLowerInvariant() == __ToLowerInvariant_0)' could not be translated and will be evaluated locally.
2019-08-12 12:05:37.4876|WARN|Microsoft.EntityFrameworkCore.Query|The LINQ expression 'Any()' could not be translated and will be evaluated locally.
2019-08-12 12:07:15.3469|WARN|Microsoft.EntityFrameworkCore.Query|The LINQ expression 'where ([t].Abbreviation.ToLowerInvariant() == __ToLowerInvariant_0)' could not be translated and will be evaluated locally.
2019-08-12 12:07:15.3549|WARN|Microsoft.EntityFrameworkCore.Query|The LINQ expression 'FirstOrDefault()' could not be translated and will be evaluated locally.
2019-08-12 12:19:32.2529|ERROR|Microsoft.EntityFrameworkCore.Database.Command|Failed executing DbCommand (4ms) [Parameters=[@p0='?'], CommandType='Text', CommandTimeout='30']
DELETE FROM "Players"
WHERE "Id" = @p0;
SELECT changes();
2019-08-12 12:19:32.4808|ERROR|Microsoft.EntityFrameworkCore.Update|An exception occurred in the database while saving changes for context type 'MLBDraft.API.Entities.MLBDraftContext'.
Microsoft.EntityFrameworkCore.DbUpdateException: An error occurred while updating the entries. See the inner exception for details. ---> Microsoft.Data.Sqlite.SqliteException: SQLite Error 19: 'FOREIGN KEY constraint failed'.
   at Microsoft.Data.Sqlite.SqliteException.ThrowExceptionForRC(Int32 rc, sqlite3 db)
   at Microsoft.Data.Sqlite.SqliteCommand.ExecuteReader(CommandBehavior behavior)
   at System.Data.Common.DbCommand.ExecuteReader()
   at Microsoft.EntityFrameworkCore.Storage.Internal.RelationalCommand.Execute(IRelationalConnection connection, DbCommandMethod executeMethod, IReadOnlyDictionary`2 parameterValues)
   at Microsoft.EntityFrameworkCore.Storage.Internal.RelationalCommand.ExecuteReader(IRelationalConnection connection, IReadOnlyDictionary`2 parameterValues)
   at Microsoft.EntityFrameworkCore.Update.ReaderModificationCommandBatch.Execute(IRelationalConnection connection)
   --- End of inner exception stack trace ---
   at Microsoft.EntityFrameworkCore.Update.ReaderModificationCommandBatch.Execute(IRelationalConnection connection)
   at Microsoft.EntityFrameworkCore.Update.Internal.BatchExecutor.Execute(DbContext _, ValueTuple`2 parameters)
   at Microsoft.EntityFrameworkCore.Storage.Internal.NoopExecutionStrategy.Execute[TState,TResult](TState state, Func`3 operation, Func`3 verifySucceeded)
   at Microsoft.EntityFrameworkCore.Update.Internal.BatchExecutor.Execute(IEnumerable`1 commandBatches, IRelationalConnection connection)
   at Microsoft.EntityFrameworkCore.Storage.RelationalDatabase.SaveChanges(IReadOnlyList`1 entries)
   at Microsoft.EntityFrameworkCore.ChangeTracking.Internal.StateManager.SaveChanges(IReadOnlyList`1 entriesToSave)
   at Microsoft.EntityFrameworkCore.ChangeTracking.Internal.StateManager.SaveChanges(Boolean acceptAllChangesOnSuccess)
   at Microsoft.EntityFrameworkCore.DbContext.SaveChanges(Boolean acceptAllChangesOnSuccess)
2019-08-12 12:22:14.5078|WARN|Microsoft.AspNetCore.HttpsPolicy.HttpsRedirectionMiddleware|Failed to determine the https port for redirect.
2019-08-12 12:26:59.4839|WARN|Microsoft.AspNetCore.HttpsPolicy.HttpsRedirectionMiddleware|Failed to determine the https port for redirect.
2019-08-12 12:27:03.2553|WARN|Microsoft.EntityFrameworkCore.Query|The Include operation for navigation '[p].MlbTeam' is unnecessary and was ignored because the navigation is not reachable in the final query results. See https://go.microsoft.com/fwlink/?linkid=850303 for more information.
2019-08-12 12:27:03.2655|WARN|Microsoft.EntityFrameworkCore.Query|The Include operation for navigation '[p].Position' is unnecessary and was ignored because the navigation is not reachable in the final query results. See https://go.microsoft.com/fwlink/?linkid=850303 for more information.
2019-08-12 12:27:03.2655|WARN|Microsoft.EntityFrameworkCore.Query|The Include operation for navigation '[p].StatCategories.StatCategory' is unnecessary and was ignored because the navigation is not reachable in the final query results. See https://go.microsoft.com/fwlink/?linkid=850303 for more information.
2019-08-12 12:48:41.3330|WARN|Microsoft.AspNetCore.HttpsPolicy.HttpsRedirectionMiddleware|Failed to determine the https port for redirect.
2019-08-12 12:50:10.8702|WARN|Microsoft.AspNetCore.HttpsPolicy.HttpsRedirectionMiddleware|Failed to determine the https port for redirect.
2019-08-12 14:39:00.5759|WARN|Microsoft.AspNetCore.HttpsPolicy.HttpsRedirectionMiddleware|Failed to determine the https port for redirect.
2019-08-12 14:44:04.0796|WARN|Microsoft.EntityFrameworkCore.Query|The LINQ expression 'where ([t].Abbreviation.ToLowerInvariant() == __ToLowerInvariant_0)' could not be translated and will be evaluated locally.
2019-08-12 14:44:04.0912|WARN|Microsoft.EntityFrameworkCore.Query|The LINQ expression 'FirstOrDefault()' could not be translated and will be evaluated locally.
2019-08-12 14:47:56.5488|WARN|Microsoft.AspNetCore.HttpsPolicy.HttpsRedirectionMiddleware|Failed to determine the https port for redirect.
2019-08-12 14:51:13.3197|WARN|Microsoft.AspNetCore.HttpsPolicy.HttpsRedirectionMiddleware|Failed to determine the https port for redirect.
2019-08-12 14:53:54.6788|WARN|Microsoft.AspNetCore.HttpsPolicy.HttpsRedirectionMiddleware|Failed to determine the https port for redirect.
2019-08-12 15:17:36.6799|WARN|Microsoft.AspNetCore.HttpsPolicy.HttpsRedirectionMiddleware|Failed to determine the https port for redirect.
2019-08-12 15:20:34.4640|WARN|Microsoft.AspNetCore.HttpsPolicy.HttpsRedirectionMiddleware|Failed to determine the https port for redirect.
2019-08-12 15:31:21.5013|WARN|Microsoft.AspNetCore.HttpsPolicy.HttpsRedirectionMiddleware|Failed to determine the https port for redirect.
2019-08-12 15:35:59.7167|ERROR|Microsoft.EntityFrameworkCore.Database.Command|Failed executing DbCommand (4ms) [Parameters=[@p0='?', @p1='?', @p2='?', @p3='?'], CommandType='Text', CommandTimeout='30']
INSERT INTO "Drafts" ("Id", "EndDate", "LeagueId", "StartDate")
VALUES (@p0, @p1, @p2, @p3);
2019-08-12 15:35:59.7702|ERROR|Microsoft.EntityFrameworkCore.Update|An exception occurred in the database while saving changes for context type 'MLBDraft.API.Entities.MLBDraftContext'.
Microsoft.EntityFrameworkCore.DbUpdateException: An error occurred while updating the entries. See the inner exception for details. ---> Microsoft.Data.Sqlite.SqliteException: SQLite Error 19: 'FOREIGN KEY constraint failed'.
   at Microsoft.Data.Sqlite.SqliteException.ThrowExceptionForRC(Int32 rc, sqlite3 db)
   at Microsoft.Data.Sqlite.SqliteCommand.ExecuteReader(CommandBehavior behavior)
   at System.Data.Common.DbCommand.ExecuteReader()
   at Microsoft.EntityFrameworkCore.Storage.Internal.RelationalCommand.Execute(IRelationalConnection connection, DbCommandMethod executeMethod, IReadOnlyDictionary`2 parameterValues)
   at Microsoft.EntityFrameworkCore.Storage.Internal.RelationalCommand.ExecuteReader(IRelationalConnection connection, IReadOnlyDictionary`2 parameterValues)
   at Microsoft.EntityFrameworkCore.Update.ReaderModificationCommandBatch.Execute(IRelationalConnection connection)
   --- End of inner exception stack trace ---
   at Microsoft.EntityFrameworkCore.Update.ReaderModificationCommandBatch.Execute(IRelationalConnection connection)
   at Microsoft.EntityFrameworkCore.Update.Internal.BatchExecutor.Execute(DbContext _, ValueTuple`2 parameters)
   at Microsoft.EntityFrameworkCore.Storage.Internal.NoopExecutionStrategy.Execute[TState,TResult](TState state, Func`3 operation, Func`3 verifySucceeded)
   at Microsoft.EntityFrameworkCore.Update.Internal.BatchExecutor.Execute(IEnumerable`1 commandBatches, IRelationalConnection connection)
   at Microsoft.EntityFrameworkCore.Storage.RelationalDatabase.SaveChanges(IReadOnlyList`1 entries)
   at Microsoft.EntityFrameworkCore.ChangeTracking.Internal.StateManager.SaveChanges(IReadOnlyList`1 entriesToSave)
   at Microsoft.EntityFrameworkCore.ChangeTracking.Internal.StateManager.SaveChanges(Boolean acceptAllChangesOnSuccess)
   at Microsoft.EntityFrameworkCore.DbContext.SaveChanges(Boolean acceptAllChangesOnSuccess)
2019-08-12 15:36:17.3248|ERROR|Microsoft.AspNetCore.Diagnostics.ExceptionHandlerMiddleware|An unhandled exception has occurred while executing the request.
2019-08-12 15:36:17.4098|ERROR|Global exception logger|An error occurred while updating the entries. See the inner exception for details.
2019-08-12 15:36:17.4896|ERROR|Microsoft.AspNetCore.Diagnostics.ExceptionHandlerMiddleware|An exception was thrown attempting to execute the error handler.
2019-08-12 15:36:17.4896|ERROR|Microsoft.AspNetCore.Diagnostics.DeveloperExceptionPageMiddleware|An unhandled exception has occurred while executing the request.
2019-08-12 15:36:17.5051|ERROR|Microsoft.AspNetCore.Diagnostics.DeveloperExceptionPageMiddleware|An exception was thrown attempting to display the error page.
2019-08-12 15:36:17.5051|ERROR|Microsoft.AspNetCore.Server.Kestrel|Connection id "0HLOVBEJQTACT", Request id "0HLOVBEJQTACT:00000003": An unhandled exception was thrown by the application.
2019-08-12 15:36:36.4198|ERROR|Microsoft.EntityFrameworkCore.Database.Command|Failed executing DbCommand (1ms) [Parameters=[@p0='?', @p1='?', @p2='?', @p3='?'], CommandType='Text', CommandTimeout='30']
INSERT INTO "Drafts" ("Id", "EndDate", "LeagueId", "StartDate")
VALUES (@p0, @p1, @p2, @p3);
2019-08-12 15:36:36.4241|ERROR|Microsoft.EntityFrameworkCore.Update|An exception occurred in the database while saving changes for context type 'MLBDraft.API.Entities.MLBDraftContext'.
Microsoft.EntityFrameworkCore.DbUpdateException: An error occurred while updating the entries. See the inner exception for details. ---> Microsoft.Data.Sqlite.SqliteException: SQLite Error 19: 'FOREIGN KEY constraint failed'.
   at Microsoft.Data.Sqlite.SqliteException.ThrowExceptionForRC(Int32 rc, sqlite3 db)
   at Microsoft.Data.Sqlite.SqliteCommand.ExecuteReader(CommandBehavior behavior)
   at System.Data.Common.DbCommand.ExecuteReader()
   at Microsoft.EntityFrameworkCore.Storage.Internal.RelationalCommand.Execute(IRelationalConnection connection, DbCommandMethod executeMethod, IReadOnlyDictionary`2 parameterValues)
   at Microsoft.EntityFrameworkCore.Storage.Internal.RelationalCommand.ExecuteReader(IRelationalConnection connection, IReadOnlyDictionary`2 parameterValues)
   at Microsoft.EntityFrameworkCore.Update.ReaderModificationCommandBatch.Execute(IRelationalConnection connection)
   --- End of inner exception stack trace ---
   at Microsoft.EntityFrameworkCore.Update.ReaderModificationCommandBatch.Execute(IRelationalConnection connection)
   at Microsoft.EntityFrameworkCore.Update.Internal.BatchExecutor.Execute(DbContext _, ValueTuple`2 parameters)
   at Microsoft.EntityFrameworkCore.Storage.Internal.NoopExecutionStrategy.Execute[TState,TResult](TState state, Func`3 operation, Func`3 verifySucceeded)
   at Microsoft.EntityFrameworkCore.Update.Internal.BatchExecutor.Execute(IEnumerable`1 commandBatches, IRelationalConnection connection)
   at Microsoft.EntityFrameworkCore.Storage.RelationalDatabase.SaveChanges(IReadOnlyList`1 entries)
   at Microsoft.EntityFrameworkCore.ChangeTracking.Internal.StateManager.SaveChanges(IReadOnlyList`1 entriesToSave)
   at Microsoft.EntityFrameworkCore.ChangeTracking.Internal.StateManager.SaveChanges(Boolean acceptAllChangesOnSuccess)
   at Microsoft.EntityFrameworkCore.DbContext.SaveChanges(Boolean acceptAllChangesOnSuccess)
2019-08-12 15:36:38.8511|ERROR|Microsoft.AspNetCore.Diagnostics.ExceptionHandlerMiddleware|An unhandled exception has occurred while executing the request.
2019-08-12 15:36:38.8511|ERROR|Global exception logger|An error occurred while updating the entries. See the inner exception for details.
2019-08-12 15:36:39.1662|ERROR|Microsoft.AspNetCore.Diagnostics.ExceptionHandlerMiddleware|An exception was thrown attempting to execute the error handler.
2019-08-12 15:36:39.1662|ERROR|Microsoft.AspNetCore.Diagnostics.DeveloperExceptionPageMiddleware|An unhandled exception has occurred while executing the request.
2019-08-12 15:36:39.1949|ERROR|Microsoft.AspNetCore.Diagnostics.DeveloperExceptionPageMiddleware|An exception was thrown attempting to display the error page.
2019-08-12 15:36:39.2083|ERROR|Microsoft.AspNetCore.Server.Kestrel|Connection id "0HLOVBEJQTACT", Request id "0HLOVBEJQTACT:00000004": An unhandled exception was thrown by the application.
2019-08-12 15:43:35.0260|WARN|Microsoft.AspNetCore.HttpsPolicy.HttpsRedirectionMiddleware|Failed to determine the https port for redirect.
2019-08-12 15:46:41.6193|WARN|Microsoft.AspNetCore.HttpsPolicy.HttpsRedirectionMiddleware|Failed to determine the https port for redirect.
2019-08-12 15:49:13.5991|WARN|Microsoft.AspNetCore.HttpsPolicy.HttpsRedirectionMiddleware|Failed to determine the https port for redirect.
2019-08-12 18:28:02.8855|WARN|Microsoft.AspNetCore.HttpsPolicy.HttpsRedirectionMiddleware|Failed to determine the https port for redirect.
2019-08-12 18:30:14.5429|ERROR|Microsoft.EntityFrameworkCore.Database.Command|Failed executing DbCommand (8ms) [Parameters=[@p0='?', @p1='?', @p2='?', @p3='?', @p4='?'], CommandType='Text', CommandTimeout='30']
INSERT INTO "DraftSelections" ("Id", "DraftId", "PlayerId", "Round", "TeamId")
VALUES (@p0, @p1, @p2, @p3, @p4);
2019-08-12 18:30:14.6222|ERROR|Microsoft.EntityFrameworkCore.Update|An exception occurred in the database while saving changes for context type 'MLBDraft.API.Entities.MLBDraftContext'.
Microsoft.EntityFrameworkCore.DbUpdateException: An error occurred while updating the entries. See the inner exception for details. ---> Microsoft.Data.Sqlite.SqliteException: SQLite Error 19: 'NOT NULL constraint failed: DraftSelections.SelectionNo'.
   at Microsoft.Data.Sqlite.SqliteException.ThrowExceptionForRC(Int32 rc, sqlite3 db)
   at Microsoft.Data.Sqlite.SqliteCommand.ExecuteReader(CommandBehavior behavior)
   at System.Data.Common.DbCommand.ExecuteReader()
   at Microsoft.EntityFrameworkCore.Storage.Internal.RelationalCommand.Execute(IRelationalConnection connection, DbCommandMethod executeMethod, IReadOnlyDictionary`2 parameterValues)
   at Microsoft.EntityFrameworkCore.Storage.Internal.RelationalCommand.ExecuteReader(IRelationalConnection connection, IReadOnlyDictionary`2 parameterValues)
   at Microsoft.EntityFrameworkCore.Update.ReaderModificationCommandBatch.Execute(IRelationalConnection connection)
   --- End of inner exception stack trace ---
   at Microsoft.EntityFrameworkCore.Update.ReaderModificationCommandBatch.Execute(IRelationalConnection connection)
   at Microsoft.EntityFrameworkCore.Update.Internal.BatchExecutor.Execute(DbContext _, ValueTuple`2 parameters)
   at Microsoft.EntityFrameworkCore.Storage.Internal.NoopExecutionStrategy.Execute[TState,TResult](TState state, Func`3 operation, Func`3 verifySucceeded)
   at Microsoft.EntityFrameworkCore.Update.Internal.BatchExecutor.Execute(IEnumerable`1 commandBatches, IRelationalConnection connection)
   at Microsoft.EntityFrameworkCore.Storage.RelationalDatabase.SaveChanges(IReadOnlyList`1 entries)
   at Microsoft.EntityFrameworkCore.ChangeTracking.Internal.StateManager.SaveChanges(IReadOnlyList`1 entriesToSave)
   at Microsoft.EntityFrameworkCore.ChangeTracking.Internal.StateManager.SaveChanges(Boolean acceptAllChangesOnSuccess)
   at Microsoft.EntityFrameworkCore.DbContext.SaveChanges(Boolean acceptAllChangesOnSuccess)
2019-08-12 18:30:14.9341|ERROR|Microsoft.AspNetCore.Diagnostics.ExceptionHandlerMiddleware|An unhandled exception has occurred while executing the request.
2019-08-12 18:30:15.0635|ERROR|Global exception logger|An error occurred while updating the entries. See the inner exception for details.
2019-08-12 18:30:15.1162|ERROR|Microsoft.AspNetCore.Diagnostics.ExceptionHandlerMiddleware|An exception was thrown attempting to execute the error handler.
2019-08-12 18:30:15.1480|ERROR|Microsoft.AspNetCore.Diagnostics.DeveloperExceptionPageMiddleware|An unhandled exception has occurred while executing the request.
2019-08-12 18:30:15.1608|ERROR|Microsoft.AspNetCore.Diagnostics.DeveloperExceptionPageMiddleware|An exception was thrown attempting to display the error page.
2019-08-12 18:30:15.1608|ERROR|Microsoft.AspNetCore.Server.Kestrel|Connection id "0HLOVEHB9Q10C", Request id "0HLOVEHB9Q10C:00000001": An unhandled exception was thrown by the application.
2019-08-12 18:34:07.3981|WARN|Microsoft.AspNetCore.HttpsPolicy.HttpsRedirectionMiddleware|Failed to determine the https port for redirect.
2019-08-12 18:34:51.2838|ERROR|Microsoft.EntityFrameworkCore.Database.Command|Failed executing DbCommand (3ms) [Parameters=[@p0='?', @p1='?', @p2='?', @p3='?', @p4='?'], CommandType='Text', CommandTimeout='30']
INSERT INTO "DraftSelections" ("Id", "DraftId", "PlayerId", "Round", "TeamId")
VALUES (@p0, @p1, @p2, @p3, @p4);
2019-08-12 18:34:51.3746|ERROR|Microsoft.EntityFrameworkCore.Update|An exception occurred in the database while saving changes for context type 'MLBDraft.API.Entities.MLBDraftContext'.
Microsoft.EntityFrameworkCore.DbUpdateException: An error occurred while updating the entries. See the inner exception for details. ---> Microsoft.Data.Sqlite.SqliteException: SQLite Error 19: 'NOT NULL constraint failed: DraftSelections.SelectionNo'.
   at Microsoft.Data.Sqlite.SqliteException.ThrowExceptionForRC(Int32 rc, sqlite3 db)
   at Microsoft.Data.Sqlite.SqliteCommand.ExecuteReader(CommandBehavior behavior)
   at System.Data.Common.DbCommand.ExecuteReader()
   at Microsoft.EntityFrameworkCore.Storage.Internal.RelationalCommand.Execute(IRelationalConnection connection, DbCommandMethod executeMethod, IReadOnlyDictionary`2 parameterValues)
   at Microsoft.EntityFrameworkCore.Storage.Internal.RelationalCommand.ExecuteReader(IRelationalConnection connection, IReadOnlyDictionary`2 parameterValues)
   at Microsoft.EntityFrameworkCore.Update.ReaderModificationCommandBatch.Execute(IRelationalConnection connection)
   --- End of inner exception stack trace ---
   at Microsoft.EntityFrameworkCore.Update.ReaderModificationCommandBatch.Execute(IRelationalConnection connection)
   at Microsoft.EntityFrameworkCore.Update.Internal.BatchExecutor.Execute(DbContext _, ValueTuple`2 parameters)
   at Microsoft.EntityFrameworkCore.Storage.Internal.NoopExecutionStrategy.Execute[TState,TResult](TState state, Func`3 operation, Func`3 verifySucceeded)
   at Microsoft.EntityFrameworkCore.Update.Internal.BatchExecutor.Execute(IEnumerable`1 commandBatches, IRelationalConnection connection)
   at Microsoft.EntityFrameworkCore.Storage.RelationalDatabase.SaveChanges(IReadOnlyList`1 entries)
   at Microsoft.EntityFrameworkCore.ChangeTracking.Internal.StateManager.SaveChanges(IReadOnlyList`1 entriesToSave)
   at Microsoft.EntityFrameworkCore.ChangeTracking.Internal.StateManager.SaveChanges(Boolean acceptAllChangesOnSuccess)
   at Microsoft.EntityFrameworkCore.DbContext.SaveChanges(Boolean acceptAllChangesOnSuccess)
2019-08-12 18:34:51.8100|ERROR|Microsoft.AspNetCore.Diagnostics.ExceptionHandlerMiddleware|An unhandled exception has occurred while executing the request.
2019-08-12 18:34:51.9425|ERROR|Global exception logger|An error occurred while updating the entries. See the inner exception for details.
2019-08-12 18:34:51.9820|ERROR|Microsoft.AspNetCore.Diagnostics.ExceptionHandlerMiddleware|An exception was thrown attempting to execute the error handler.
2019-08-12 18:34:51.9820|ERROR|Microsoft.AspNetCore.Diagnostics.DeveloperExceptionPageMiddleware|An unhandled exception has occurred while executing the request.
2019-08-12 18:34:51.9961|ERROR|Microsoft.AspNetCore.Diagnostics.DeveloperExceptionPageMiddleware|An exception was thrown attempting to display the error page.
2019-08-12 18:34:52.0058|ERROR|Microsoft.AspNetCore.Server.Kestrel|Connection id "0HLOVEKNTR005", Request id "0HLOVEKNTR005:00000001": An unhandled exception was thrown by the application.
2019-08-12 18:35:37.7099|ERROR|Microsoft.EntityFrameworkCore.Database.Command|Failed executing DbCommand (2ms) [Parameters=[@p0='?', @p1='?', @p2='?', @p3='?', @p4='?'], CommandType='Text', CommandTimeout='30']
INSERT INTO "DraftSelections" ("Id", "DraftId", "PlayerId", "Round", "TeamId")
VALUES (@p0, @p1, @p2, @p3, @p4);
2019-08-12 18:35:37.7451|ERROR|Microsoft.EntityFrameworkCore.Update|An exception occurred in the database while saving changes for context type 'MLBDraft.API.Entities.MLBDraftContext'.
Microsoft.EntityFrameworkCore.DbUpdateException: An error occurred while updating the entries. See the inner exception for details. ---> Microsoft.Data.Sqlite.SqliteException: SQLite Error 19: 'NOT NULL constraint failed: DraftSelections.SelectionNo'.
   at Microsoft.Data.Sqlite.SqliteException.ThrowExceptionForRC(Int32 rc, sqlite3 db)
   at Microsoft.Data.Sqlite.SqliteCommand.ExecuteReader(CommandBehavior behavior)
   at System.Data.Common.DbCommand.ExecuteReader()
   at Microsoft.EntityFrameworkCore.Storage.Internal.RelationalCommand.Execute(IRelationalConnection connection, DbCommandMethod executeMethod, IReadOnlyDictionary`2 parameterValues)
   at Microsoft.EntityFrameworkCore.Storage.Internal.RelationalCommand.ExecuteReader(IRelationalConnection connection, IReadOnlyDictionary`2 parameterValues)
   at Microsoft.EntityFrameworkCore.Update.ReaderModificationCommandBatch.Execute(IRelationalConnection connection)
   --- End of inner exception stack trace ---
   at Microsoft.EntityFrameworkCore.Update.ReaderModificationCommandBatch.Execute(IRelationalConnection connection)
   at Microsoft.EntityFrameworkCore.Update.Internal.BatchExecutor.Execute(DbContext _, ValueTuple`2 parameters)
   at Microsoft.EntityFrameworkCore.Storage.Internal.NoopExecutionStrategy.Execute[TState,TResult](TState state, Func`3 operation, Func`3 verifySucceeded)
   at Microsoft.EntityFrameworkCore.Update.Internal.BatchExecutor.Execute(IEnumerable`1 commandBatches, IRelationalConnection connection)
   at Microsoft.EntityFrameworkCore.Storage.RelationalDatabase.SaveChanges(IReadOnlyList`1 entries)
   at Microsoft.EntityFrameworkCore.ChangeTracking.Internal.StateManager.SaveChanges(IReadOnlyList`1 entriesToSave)
   at Microsoft.EntityFrameworkCore.ChangeTracking.Internal.StateManager.SaveChanges(Boolean acceptAllChangesOnSuccess)
   at Microsoft.EntityFrameworkCore.DbContext.SaveChanges(Boolean acceptAllChangesOnSuccess)
2019-08-12 18:35:37.8775|ERROR|Microsoft.AspNetCore.Diagnostics.ExceptionHandlerMiddleware|An unhandled exception has occurred while executing the request.
2019-08-12 18:35:37.8794|ERROR|Global exception logger|An error occurred while updating the entries. See the inner exception for details.
2019-08-12 18:35:37.9177|ERROR|Microsoft.AspNetCore.Diagnostics.ExceptionHandlerMiddleware|An exception was thrown attempting to execute the error handler.
2019-08-12 18:35:37.9177|ERROR|Microsoft.AspNetCore.Diagnostics.DeveloperExceptionPageMiddleware|An unhandled exception has occurred while executing the request.
2019-08-12 18:35:37.9177|ERROR|Microsoft.AspNetCore.Diagnostics.DeveloperExceptionPageMiddleware|An exception was thrown attempting to display the error page.
2019-08-12 18:35:37.9177|ERROR|Microsoft.AspNetCore.Server.Kestrel|Connection id "0HLOVEKNTR006", Request id "0HLOVEKNTR006:00000001": An unhandled exception was thrown by the application.
2019-08-12 18:38:44.2404|WARN|Microsoft.AspNetCore.HttpsPolicy.HttpsRedirectionMiddleware|Failed to determine the https port for redirect.
2019-08-12 18:39:33.7862|ERROR|Microsoft.EntityFrameworkCore.Database.Command|Failed executing DbCommand (32ms) [Parameters=[@p0='?', @p1='?', @p2='?', @p3='?', @p4='?'], CommandType='Text', CommandTimeout='30']
INSERT INTO "DraftSelections" ("Id", "DraftId", "PlayerId", "Round", "TeamId")
VALUES (@p0, @p1, @p2, @p3, @p4);
2019-08-12 18:39:33.9020|ERROR|Microsoft.EntityFrameworkCore.Update|An exception occurred in the database while saving changes for context type 'MLBDraft.API.Entities.MLBDraftContext'.
Microsoft.EntityFrameworkCore.DbUpdateException: An error occurred while updating the entries. See the inner exception for details. ---> Microsoft.Data.Sqlite.SqliteException: SQLite Error 19: 'NOT NULL constraint failed: DraftSelections.SelectionNo'.
   at Microsoft.Data.Sqlite.SqliteException.ThrowExceptionForRC(Int32 rc, sqlite3 db)
   at Microsoft.Data.Sqlite.SqliteCommand.ExecuteReader(CommandBehavior behavior)
   at System.Data.Common.DbCommand.ExecuteReader()
   at Microsoft.EntityFrameworkCore.Storage.Internal.RelationalCommand.Execute(IRelationalConnection connection, DbCommandMethod executeMethod, IReadOnlyDictionary`2 parameterValues)
   at Microsoft.EntityFrameworkCore.Storage.Internal.RelationalCommand.ExecuteReader(IRelationalConnection connection, IReadOnlyDictionary`2 parameterValues)
   at Microsoft.EntityFrameworkCore.Update.ReaderModificationCommandBatch.Execute(IRelationalConnection connection)
   --- End of inner exception stack trace ---
   at Microsoft.EntityFrameworkCore.Update.ReaderModificationCommandBatch.Execute(IRelationalConnection connection)
   at Microsoft.EntityFrameworkCore.Update.Internal.BatchExecutor.Execute(DbContext _, ValueTuple`2 parameters)
   at Microsoft.EntityFrameworkCore.Storage.Internal.NoopExecutionStrategy.Execute[TState,TResult](TState state, Func`3 operation, Func`3 verifySucceeded)
   at Microsoft.EntityFrameworkCore.Update.Internal.BatchExecutor.Execute(IEnumerable`1 commandBatches, IRelationalConnection connection)
   at Microsoft.EntityFrameworkCore.Storage.RelationalDatabase.SaveChanges(IReadOnlyList`1 entries)
   at Microsoft.EntityFrameworkCore.ChangeTracking.Internal.StateManager.SaveChanges(IReadOnlyList`1 entriesToSave)
   at Microsoft.EntityFrameworkCore.ChangeTracking.Internal.StateManager.SaveChanges(Boolean acceptAllChangesOnSuccess)
   at Microsoft.EntityFrameworkCore.DbContext.SaveChanges(Boolean acceptAllChangesOnSuccess)
2019-08-12 18:41:43.0762|WARN|Microsoft.AspNetCore.HttpsPolicy.HttpsRedirectionMiddleware|Failed to determine the https port for redirect.
2019-08-12 18:42:43.1596|ERROR|Microsoft.AspNetCore.Diagnostics.ExceptionHandlerMiddleware|An unhandled exception has occurred while executing the request.
2019-08-12 18:42:43.3280|ERROR|Global exception logger|Self referencing loop detected for property 'draft' with type 'MLBDraft.API.Models.DraftModel'. Path 'draftSelections[0]'.
2019-08-12 18:42:43.4156|ERROR|Microsoft.AspNetCore.Diagnostics.ExceptionHandlerMiddleware|An exception was thrown attempting to execute the error handler.
2019-08-12 18:42:43.5318|ERROR|Microsoft.AspNetCore.Diagnostics.DeveloperExceptionPageMiddleware|An unhandled exception has occurred while executing the request.
2019-08-12 18:42:43.5532|ERROR|Microsoft.AspNetCore.Diagnostics.DeveloperExceptionPageMiddleware|An exception was thrown attempting to display the error page.
2019-08-12 18:42:43.5532|ERROR|Microsoft.AspNetCore.Server.Kestrel|Connection id "0HLOVEOVNP9P5", Request id "0HLOVEOVNP9P5:00000001": An unhandled exception was thrown by the application.
2019-08-12 18:51:38.8076|WARN|Microsoft.AspNetCore.HttpsPolicy.HttpsRedirectionMiddleware|Failed to determine the https port for redirect.
2019-08-12 18:53:51.7628|ERROR|Microsoft.AspNetCore.Diagnostics.ExceptionHandlerMiddleware|An unhandled exception has occurred while executing the request.
2019-08-12 18:53:51.8195|ERROR|Global exception logger|Object reference not set to an instance of an object.
2019-08-12 18:53:52.0475|ERROR|Microsoft.AspNetCore.Diagnostics.ExceptionHandlerMiddleware|An exception was thrown attempting to execute the error handler.
2019-08-12 18:53:52.0536|ERROR|Microsoft.AspNetCore.Diagnostics.DeveloperExceptionPageMiddleware|An unhandled exception has occurred while executing the request.
2019-08-12 18:53:52.0536|ERROR|Microsoft.AspNetCore.Diagnostics.DeveloperExceptionPageMiddleware|An exception was thrown attempting to display the error page.
2019-08-12 18:53:52.0703|ERROR|Microsoft.AspNetCore.Server.Kestrel|Connection id "0HLOVEUGKT0VB", Request id "0HLOVEUGKT0VB:00000002": An unhandled exception was thrown by the application.
2019-08-12 18:58:14.3548|WARN|Microsoft.AspNetCore.HttpsPolicy.HttpsRedirectionMiddleware|Failed to determine the https port for redirect.
2019-08-12 18:58:27.2585|WARN|MLBDraft.API.Controllers.LeaguesController|No draft found for a2ad6608-beee-469d-a39e-aa83045f696c.
2019-08-12 18:59:00.7559|WARN|MLBDraft.API.Controllers.LeaguesController|No draft found for a2ad6608-beee-469d-a39e-aa83045f696c.
2019-08-12 19:01:31.5296|WARN|Microsoft.AspNetCore.HttpsPolicy.HttpsRedirectionMiddleware|Failed to determine the https port for redirect.
